<?xml version="1.0" encoding="UTF-8"?>
<!-- Generated by org.testng.reporters.JUnitXMLReporter -->
<testsuite hostname="Mallikharjuna" ignored="5" name="Default test(failed)" tests="1" failures="0" timestamp="15 Aug 2018 12:00:03 GMT" time="0.157" errors="0">
  <testcase name="Test4" time="0.063" classname="com.pageObjectModel.tsetNGPackage.TestNGExample"/>
  <testcase name="Test5" time="0.0" classname="com.pageObjectModel.tsetNGPackage.TestNGExample">
    <ignored/>
  </testcase> <!-- Test5 -->
  <testcase name="Test6" time="0.0" classname="com.pageObjectModel.tsetNGPackage.TestNGExample">
    <ignored/>
  </testcase> <!-- Test6 -->
  <testcase name="Test3" time="0.0" classname="com.pageObjectModel.tsetNGPackage.TestNGExample">
    <ignored/>
  </testcase> <!-- Test3 -->
  <testcase name="Test1" time="0.0" classname="com.pageObjectModel.tsetNGPackage.TestNGExample">
    <ignored/>
  </testcase> <!-- Test1 -->
  <testcase name="Test2" time="0.0" classname="com.pageObjectModel.tsetNGPackage.TestNGExample">
    <ignored/>
  </testcase> <!-- Test2 -->
</testsuite> <!-- Default test(failed) -->
