<?xml version="1.0" encoding="UTF-8"?>
<!-- Generated by org.testng.reporters.JUnitXMLReporter -->
<testsuite hostname="Mallikharjuna" ignored="1" name="Test" tests="5" failures="0" timestamp="14 Jul 2018 18:45:45 GMT" time="0.015" errors="0">
  <testcase name="test6" time="0.0" classname="com.pageObjectModel.tsetNGPackage.TestNGParemeters"/>
  <testcase name="test5" time="0.0" classname="com.pageObjectModel.tsetNGPackage.TestNGParemeters"/>
  <testcase name="test2" time="0.0" classname="com.pageObjectModel.tsetNGPackage.TestNGParemeters"/>
  <testcase name="test3" time="0.0" classname="com.pageObjectModel.tsetNGPackage.TestNGParemeters"/>
  <testcase name="test4" time="0.0" classname="com.pageObjectModel.tsetNGPackage.TestNGParemeters"/>
  <testcase name="test1" time="0.0" classname="com.pageObjectModel.tsetNGPackage.TestNGParemeters">
    <ignored/>
  </testcase> <!-- test1 -->
</testsuite> <!-- Test -->
