<?xml version="1.0" encoding="UTF-8"?>
<!-- Generated by org.testng.reporters.JUnitXMLReporter -->
<testsuite hostname="Mallikharjuna" ignored="2" name="groupTest" tests="4" failures="0" timestamp="14 Jul 2018 17:55:05 GMT" time="0.318" errors="0">
  <testcase name="test1" time="0.047" classname="com.pageObjectModel.tsetNGPackage.TestNGGroups"/>
  <testcase name="test3" time="0.001" classname="com.pageObjectModel.tsetNGPackage.TestNGGroups"/>
  <testcase name="test4" time="0.016" classname="com.pageObjectModel.tsetNGPackage.TestNGGroups"/>
  <testcase name="test5" time="0.031" classname="com.pageObjectModel.tsetNGPackage.TestNGGroups"/>
  <testcase name="test7" time="0.0" classname="com.pageObjectModel.tsetNGPackage.TestNGGroups">
    <ignored/>
  </testcase> <!-- test7 -->
  <testcase name="test2" time="0.0" classname="com.pageObjectModel.tsetNGPackage.TestNGGroups">
    <ignored/>
  </testcase> <!-- test2 -->
</testsuite> <!-- groupTest -->
