<?xml version="1.0" encoding="UTF-8"?>
<!-- Generated by org.testng.reporters.JUnitXMLReporter -->
<testsuite hostname="Mallikharjuna" ignored="4" name="Test" tests="2" failures="0" timestamp="14 Jul 2018 18:45:45 GMT" time="0.0" errors="0">
  <testcase name="test1" time="0.0" classname="com.pageObjectModel.tsetNGPackage.TestNGGroups"/>
  <testcase name="test5" time="0.0" classname="com.pageObjectModel.tsetNGPackage.TestNGGroups"/>
  <testcase name="test3" time="0.0" classname="com.pageObjectModel.tsetNGPackage.TestNGGroups">
    <ignored/>
  </testcase> <!-- test3 -->
  <testcase name="test4" time="0.0" classname="com.pageObjectModel.tsetNGPackage.TestNGGroups">
    <ignored/>
  </testcase> <!-- test4 -->
  <testcase name="test7" time="0.0" classname="com.pageObjectModel.tsetNGPackage.TestNGGroups">
    <ignored/>
  </testcase> <!-- test7 -->
  <testcase name="test2" time="0.0" classname="com.pageObjectModel.tsetNGPackage.TestNGGroups">
    <ignored/>
  </testcase> <!-- test2 -->
</testsuite> <!-- Test -->
